<?xml version="1.0" encoding="UTF-8"?>
<!-- Generated by org.testng.reporters.JUnitReportReporter -->
<testsuite hostname="SUMEETHBH" name="TestNG.ScreenShotTest2" tests="2" failures="0" timestamp="24 Apr 2025 09:31:03 GMT" time="2.117" errors="0">
  <testcase name="captureScreenShotTest" time="0.577" classname="TestNG.ScreenShotTest2"/>
  <testcase name="captureScreen" time="1.540" classname="TestNG.ScreenShotTest2"/>
</testsuite> <!-- TestNG.ScreenShotTest2 -->
