<?xml version="1.0" encoding="UTF-8"?>
<!-- Generated by org.testng.reporters.JUnitReportReporter -->
<testsuite hostname="SUMEETHBH" name="TestNG.Demo_Testng" tests="2" failures="0" timestamp="17 Apr 2025 07:44:28 GMT" time="0.000" errors="0">
  <testcase name="user" time="0.000" classname="TestNG.Demo_Testng"/>
  <testcase name="editUser" time="0.000" classname="TestNG.Demo_Testng"/>
</testsuite> <!-- TestNG.Demo_Testng -->
