<?xml version="1.0" encoding="UTF-8"?>
<!-- Generated by org.testng.reporters.JUnitReportReporter -->
<testsuite hostname="SUMEETHBH" name="TestNG.ScreenShotTest" tests="1" failures="0" timestamp="22 Apr 2025 11:30:09 GMT" time="5.242" errors="0">
  <testcase name="captureScreenShotTest" time="5.242" classname="TestNG.ScreenShotTest"/>
</testsuite> <!-- TestNG.ScreenShotTest -->
