<?xml version="1.0" encoding="UTF-8"?>
<!-- Generated by org.testng.reporters.JUnitReportReporter -->
<testsuite hostname="SUMEETHBH" name="TestNG.Class1" tests="3" failures="0" timestamp="11 Apr 2025 04:23:33 GMT" time="0.013" errors="0">
  <testcase name="edit" time="0.011" classname="TestNG.Class1"/>
  <testcase name="delete" time="0.001" classname="TestNG.Class1"/>
  <testcase name="create" time="0.001" classname="TestNG.Class1"/>
</testsuite> <!-- TestNG.Class1 -->
