<?xml version="1.0" encoding="UTF-8"?>
<!-- Generated by org.testng.reporters.JUnitReportReporter -->
<testsuite hostname="SUMEETHBH" name="TestNG.Class2" tests="1" failures="0" timestamp="10 Apr 2025 06:18:19 GMT" time="0.015" errors="0">
  <testcase name="Customer_create" time="0.015" classname="TestNG.Class2"/>
</testsuite> <!-- TestNG.Class2 -->
